<?xml version="1.0" encoding="UTF-8"?>
<testsuite xmlns:xsi="http://www.w3.org/2001/XMLSchema-instance" xsi:noNamespaceSchemaLocation="https://maven.apache.org/surefire/maven-surefire-plugin/xsd/surefire-test-report.xsd" name="controller.UserControllerTest" time="0.211" tests="5" errors="0" skipped="0" failures="0">
  <properties>
[...]
</properties>
  <testcase name="initUpdateUserDetailsPage" classname="controller.UserControllerTest" time="0.11"/>
  <testcase name="registration" classname="controller.UserControllerTest" time="0.003"/>
  <testcase name="showUserDetails" classname="controller.UserControllerTest" time="0.086"/>
  <testcase name="updateUserDetails" classname="controller.UserControllerTest" time="0.003"/>
  <testcase name="initRegistrationPage" classname="controller.UserControllerTest" time="0.008"/>
</testsuite>